Using pre-set license
Built from '2020.3/staging' branch; Version is '2020.3.19f1 (68f137dc9bbe) revision 6877495'; Using compiler version '192528614'; Build Type 'Release'
OS: 'Windows 10 Home; OS build 19042.1237; Version 2009; 64bit' Language: 'zh' Physical Memory: 16224 MB
BatchMode: 1, IsHumanControllingUs: 0, StartBugReporterOnCrash: 0, Is64bit: 1, IsPro: 0

COMMAND LINE ARGUMENTS:
C:\Program Files\Unity\Hub\Editor\2020.3.19f1\Editor\Unity.exe
-adb2
-batchMode
-noUpm
-name
AssetImportWorker0
-projectPath
C:/Users/Ellis_NB/Desktop/電腦遊戲設計/Homework/HW1
-logFile
Logs/AssetImportWorker0.log
-srvPort
52428
Successfully changed project path to: C:/Users/Ellis_NB/Desktop/電腦遊戲設計/Homework/HW1
C:/Users/Ellis_NB/Desktop/電腦遊戲設計/Homework/HW1
Using Asset Import Pipeline V2.
Refreshing native plugins compatible for Editor in 47.28 ms, found 2 plugins.
Preloading 0 native plugins for Editor in 0.00 ms.
Initialize engine version: 2020.3.19f1 (68f137dc9bbe)
[Subsystems] Discovering subsystems at path C:/Program Files/Unity/Hub/Editor/2020.3.19f1/Editor/Data/Resources/UnitySubsystems
[Subsystems] Discovering subsystems at path C:/Users/Ellis_NB/Desktop/電腦遊戲設計/Homework/HW1/Assets
GfxDevice: creating device client; threaded=0
Direct3D:
    Version:  Direct3D 11.0 [level 11.1]
    Renderer: NVIDIA GeForce GTX 1650 (ID=0x1f91)
    Vendor:   
    VRAM:     3962 MB
    Driver:   30.0.14.7212
Initialize mono
Mono path[0] = 'C:/Program Files/Unity/Hub/Editor/2020.3.19f1/Editor/Data/Managed'
Mono path[1] = 'C:/Program Files/Unity/Hub/Editor/2020.3.19f1/Editor/Data/MonoBleedingEdge/lib/mono/unityjit'
Mono config path = 'C:/Program Files/Unity/Hub/Editor/2020.3.19f1/Editor/Data/MonoBleedingEdge/etc'
Using monoOptions --debugger-agent=transport=dt_socket,embedding=1,server=y,suspend=n,address=127.0.0.1:56724
Begin MonoManager ReloadAssembly
Registering precompiled unity dll's ...
Register platform support module: C:/Program Files/Unity/Hub/Editor/2020.3.19f1/Editor/Data/PlaybackEngines/WindowsStandaloneSupport/UnityEditor.WindowsStandalone.Extensions.dll
Registered in 0.002889 seconds.
Native extension for WindowsStandalone target not found
Refreshing native plugins compatible for Editor in 38.49 ms, found 2 plugins.
Preloading 0 native plugins for Editor in 0.00 ms.
Mono: successfully reloaded assembly
- Completed reload, in  2.894 seconds
Domain Reload Profiling:
	ReloadAssembly (2895ms)
		BeginReloadAssembly (78ms)
			ExecutionOrderSort (0ms)
			DisableScriptedObjects (0ms)
			BackupInstance (0ms)
			ReleaseScriptingObjects (0ms)
			CreateAndSetChildDomain (1ms)
		EndReloadAssembly (604ms)
			LoadAssemblies (76ms)
			RebuildTransferFunctionScriptingTraits (0ms)
			SetupTypeCache (239ms)
			ReleaseScriptCaches (0ms)
			RebuildScriptCaches (45ms)
			SetupLoadedEditorAssemblies (223ms)
				LogAssemblyErrors (0ms)
				InitializePlatformSupportModulesInManaged (6ms)
				SetLoadedEditorAssemblies (0ms)
				RefreshPlugins (39ms)
				BeforeProcessingInitializeOnLoad (23ms)
				ProcessInitializeOnLoadAttributes (112ms)
				ProcessInitializeOnLoadMethodAttributes (42ms)
				AfterProcessingInitializeOnLoad (0ms)
				EditorAssembliesLoaded (0ms)
			ExecutionOrderSort2 (0ms)
			AwakeInstancesAfterBackupRestoration (0ms)
Platform modules already initialized, skipping
Registering precompiled user dll's ...
Registered in 0.004723 seconds.
Begin MonoManager ReloadAssembly
Native extension for WindowsStandalone target not found
Refreshing native plugins compatible for Editor in 0.48 ms, found 2 plugins.
Preloading 0 native plugins for Editor in 0.00 ms.
Mono: successfully reloaded assembly
- Completed reload, in  1.557 seconds
Domain Reload Profiling:
	ReloadAssembly (1559ms)
		BeginReloadAssembly (211ms)
			ExecutionOrderSort (0ms)
			DisableScriptedObjects (6ms)
			BackupInstance (0ms)
			ReleaseScriptingObjects (0ms)
			CreateAndSetChildDomain (29ms)
		EndReloadAssembly (1263ms)
			LoadAssemblies (123ms)
			RebuildTransferFunctionScriptingTraits (0ms)
			SetupTypeCache (419ms)
			ReleaseScriptCaches (1ms)
			RebuildScriptCaches (66ms)
			SetupLoadedEditorAssemblies (486ms)
				LogAssemblyErrors (0ms)
				InitializePlatformSupportModulesInManaged (8ms)
				SetLoadedEditorAssemblies (1ms)
				RefreshPlugins (1ms)
				BeforeProcessingInitializeOnLoad (117ms)
				ProcessInitializeOnLoadAttributes (341ms)
				ProcessInitializeOnLoadMethodAttributes (8ms)
				AfterProcessingInitializeOnLoad (10ms)
				EditorAssembliesLoaded (0ms)
			ExecutionOrderSort2 (0ms)
			AwakeInstancesAfterBackupRestoration (11ms)
Platform modules already initialized, skipping
========================================================================
Worker process is ready to serve import requests
Launched and connected shader compiler UnityShaderCompiler.exe after 0.11 seconds
Refreshing native plugins compatible for Editor in 0.46 ms, found 2 plugins.
Preloading 0 native plugins for Editor in 0.00 ms.
Unloading 1403 Unused Serialized files (Serialized files now loaded: 0)
System memory in use before: 76.2 MB.
System memory in use after: 76.3 MB.

Unloading 16 unused Assets to reduce memory usage. Loaded Objects now: 1854.
Total: 5.297700 ms (FindLiveObjects: 0.629900 ms CreateObjectMapping: 0.117700 ms MarkObjects: 4.087300 ms  DeleteObjects: 0.456700 ms)

AssetImportParameters requested are different than current active one (requested -> active):
  custom:framework-win-MediaFoundation: 216162199b28c13a410421893ffa2e32 -> 
  custom:video-decoder-ogg-theora: a1e56fd34408186e4bbccfd4996cb3dc -> 
  custom:container-muxer-webm: aa71ff27fc2769a1b78a27578f13a17b -> 
  custom:container-demuxer-webm: 4f35f7cbe854078d1ac9338744f61a02 -> 
  custom:container-demuxer-ogg: 62fdf1f143b41e24485cea50d1cbac27 -> 
  custom:video-encoder-webm-vp8: eb34c28f22e8b96e1ab97ce403110664 -> 
  custom:video-codec-MediaFoundation-h265: 746d11721c4dcdbdad8f713fa42b33f4 -> 
  custom:video-decoder-webm-vp8: 9c59270c3fd7afecdb556c50c9e8de78 -> 
  custom:audio-decoder-ogg-vorbis: bf7c407c2cedff20999df2af8eb42d56 -> 
  custom:audio-encoder-webm-vorbis: bf7c407c2cedff20999df2af8eb42d56 -> 
========================================================================
Received Import Request.
  path: Assets/Scripts/Resources/Sounds
  artifactKey: Guid(40cef8a29b7df75499fc3c745e539826) Importer(815301076,1909f56bfc062723c751e8b465ee728b)
Start importing Assets/Scripts/Resources/Sounds using Guid(40cef8a29b7df75499fc3c745e539826) Importer(815301076,1909f56bfc062723c751e8b465ee728b)  -> (artifact id: '4c5997970d3d474a676bc0e930b2560f') in 0.020060 seconds 
  Import took 0.025449 seconds .

========================================================================
Received Import Request.
  Time since last request: 0.409293 seconds.
  path: Assets/Scripts/Resources/Sounds/BGM
  artifactKey: Guid(43189f0af845d204eab20ec19b298ec9) Importer(815301076,1909f56bfc062723c751e8b465ee728b)
Start importing Assets/Scripts/Resources/Sounds/BGM using Guid(43189f0af845d204eab20ec19b298ec9) Importer(815301076,1909f56bfc062723c751e8b465ee728b)  -> (artifact id: '8e97e08e9719223d5765a130354265be') in 0.015141 seconds 
  Import took 0.019036 seconds .

========================================================================
Received Import Request.
  Time since last request: 8.656583 seconds.
  path: Assets/Scripts/Resources/Sounds/Effect
  artifactKey: Guid(111cc96cf736a174893f772775ba6eeb) Importer(815301076,1909f56bfc062723c751e8b465ee728b)
Start importing Assets/Scripts/Resources/Sounds/Effect using Guid(111cc96cf736a174893f772775ba6eeb) Importer(815301076,1909f56bfc062723c751e8b465ee728b)  -> (artifact id: 'df46ac7f6c9be75fc8406b04096e5608') in 0.013864 seconds 
  Import took 0.019206 seconds .

========================================================================
Received Import Request.
  Time since last request: 44.011480 seconds.
  path: Assets/Scripts/Resources/Sounds/BGM/bensound-rumble.mp3
  artifactKey: Guid(1d19cf9c8e24ae8469392050c760c560) Importer(815301076,1909f56bfc062723c751e8b465ee728b)
Start importing Assets/Scripts/Resources/Sounds/BGM/bensound-rumble.mp3 using Guid(1d19cf9c8e24ae8469392050c760c560) Importer(815301076,1909f56bfc062723c751e8b465ee728b)  -> (artifact id: '25939e33e303585ec3e1ca2ecf2423b1') in 0.245168 seconds 
  Import took 0.250362 seconds .

========================================================================
Received Import Request.
  Time since last request: 15.431825 seconds.
  path: Assets/Scripts/Resources/Sounds/BGM/bensound-allthat.mp3
  artifactKey: Guid(1ec546622db9d314c867877e8d944112) Importer(815301076,1909f56bfc062723c751e8b465ee728b)
Start importing Assets/Scripts/Resources/Sounds/BGM/bensound-allthat.mp3 using Guid(1ec546622db9d314c867877e8d944112) Importer(815301076,1909f56bfc062723c751e8b465ee728b)  -> (artifact id: '22f1b30584735cb1b1e26d274926b653') in 0.024121 seconds 
  Import took 0.027536 seconds .

========================================================================
Received Import Request.
  Time since last request: 121.648014 seconds.
  path: Assets/Stylized Nature Environment/Prefabs/tree_k.prefab
  artifactKey: Guid(84e38d7f6eafbd44c94f15c42908c48c) Importer(815301076,1909f56bfc062723c751e8b465ee728b)
Start importing Assets/Stylized Nature Environment/Prefabs/tree_k.prefab using Guid(84e38d7f6eafbd44c94f15c42908c48c) Importer(815301076,1909f56bfc062723c751e8b465ee728b)  -> (artifact id: '456b9a1f5b83692fa6b4ea9f7e334309') in 0.050869 seconds 
  Import took 0.054141 seconds .

========================================================================
Received Prepare
Registering precompiled user dll's ...
Registered in 0.003977 seconds.
Begin MonoManager ReloadAssembly
Native extension for WindowsStandalone target not found
Refreshing native plugins compatible for Editor in 0.44 ms, found 2 plugins.
Preloading 0 native plugins for Editor in 0.00 ms.
Mono: successfully reloaded assembly
- Completed reload, in  1.490 seconds
Domain Reload Profiling:
	ReloadAssembly (1490ms)
		BeginReloadAssembly (167ms)
			ExecutionOrderSort (0ms)
			DisableScriptedObjects (7ms)
			BackupInstance (0ms)
			ReleaseScriptingObjects (0ms)
			CreateAndSetChildDomain (53ms)
		EndReloadAssembly (1234ms)
			LoadAssemblies (121ms)
			RebuildTransferFunctionScriptingTraits (0ms)
			SetupTypeCache (475ms)
			ReleaseScriptCaches (1ms)
			RebuildScriptCaches (76ms)
			SetupLoadedEditorAssemblies (385ms)
				LogAssemblyErrors (0ms)
				InitializePlatformSupportModulesInManaged (8ms)
				SetLoadedEditorAssemblies (1ms)
				RefreshPlugins (1ms)
				BeforeProcessingInitializeOnLoad (114ms)
				ProcessInitializeOnLoadAttributes (248ms)
				ProcessInitializeOnLoadMethodAttributes (5ms)
				AfterProcessingInitializeOnLoad (8ms)
				EditorAssembliesLoaded (0ms)
			ExecutionOrderSort2 (0ms)
			AwakeInstancesAfterBackupRestoration (10ms)
Platform modules already initialized, skipping
Refreshing native plugins compatible for Editor in 0.32 ms, found 2 plugins.
Preloading 0 native plugins for Editor in 0.00 ms.
Unloading 1397 Unused Serialized files (Serialized files now loaded: 0)
System memory in use before: 79.2 MB.
System memory in use after: 79.3 MB.

Unloading 11 unused Assets to reduce memory usage. Loaded Objects now: 1865.
Total: 2.964300 ms (FindLiveObjects: 0.162900 ms CreateObjectMapping: 0.043900 ms MarkObjects: 2.739300 ms  DeleteObjects: 0.016900 ms)

AssetImportParameters requested are different than current active one (requested -> active):
  custom:framework-win-MediaFoundation: 216162199b28c13a410421893ffa2e32 -> 
  custom:video-decoder-ogg-theora: a1e56fd34408186e4bbccfd4996cb3dc -> 
  custom:container-muxer-webm: aa71ff27fc2769a1b78a27578f13a17b -> 
  custom:container-demuxer-webm: 4f35f7cbe854078d1ac9338744f61a02 -> 
  custom:container-demuxer-ogg: 62fdf1f143b41e24485cea50d1cbac27 -> 
  custom:video-encoder-webm-vp8: eb34c28f22e8b96e1ab97ce403110664 -> 
  custom:video-codec-MediaFoundation-h265: 746d11721c4dcdbdad8f713fa42b33f4 -> 
  custom:video-decoder-webm-vp8: 9c59270c3fd7afecdb556c50c9e8de78 -> 
  custom:audio-decoder-ogg-vorbis: bf7c407c2cedff20999df2af8eb42d56 -> 
  custom:audio-encoder-webm-vorbis: bf7c407c2cedff20999df2af8eb42d56 -> 
========================================================================
Received Import Request.
  Time since last request: 241.346235 seconds.
  path: Assets/Material/Wheel.physicMaterial
  artifactKey: Guid(fff1ee23e39095040b8d85f7431c7c4c) Importer(815301076,1909f56bfc062723c751e8b465ee728b)
Start importing Assets/Material/Wheel.physicMaterial using Guid(fff1ee23e39095040b8d85f7431c7c4c) Importer(815301076,1909f56bfc062723c751e8b465ee728b)  -> (artifact id: '94e8c66cb1ceab745e528741731535a9') in 0.029700 seconds 
  Import took 0.032802 seconds .

========================================================================
Received Prepare
Registering precompiled user dll's ...
Registered in 0.003234 seconds.
Begin MonoManager ReloadAssembly
Native extension for WindowsStandalone target not found
Refreshing native plugins compatible for Editor in 0.72 ms, found 2 plugins.
Preloading 0 native plugins for Editor in 0.00 ms.
Mono: successfully reloaded assembly
- Completed reload, in  1.128 seconds
Domain Reload Profiling:
	ReloadAssembly (1128ms)
		BeginReloadAssembly (125ms)
			ExecutionOrderSort (0ms)
			DisableScriptedObjects (5ms)
			BackupInstance (0ms)
			ReleaseScriptingObjects (0ms)
			CreateAndSetChildDomain (35ms)
		EndReloadAssembly (927ms)
			LoadAssemblies (94ms)
			RebuildTransferFunctionScriptingTraits (0ms)
			SetupTypeCache (306ms)
			ReleaseScriptCaches (1ms)
			RebuildScriptCaches (41ms)
			SetupLoadedEditorAssemblies (380ms)
				LogAssemblyErrors (0ms)
				InitializePlatformSupportModulesInManaged (8ms)
				SetLoadedEditorAssemblies (1ms)
				RefreshPlugins (1ms)
				BeforeProcessingInitializeOnLoad (108ms)
				ProcessInitializeOnLoadAttributes (247ms)
				ProcessInitializeOnLoadMethodAttributes (6ms)
				AfterProcessingInitializeOnLoad (9ms)
				EditorAssembliesLoaded (1ms)
			ExecutionOrderSort2 (0ms)
			AwakeInstancesAfterBackupRestoration (8ms)
Platform modules already initialized, skipping
Refreshing native plugins compatible for Editor in 0.39 ms, found 2 plugins.
Preloading 0 native plugins for Editor in 0.00 ms.
Unloading 1397 Unused Serialized files (Serialized files now loaded: 0)
System memory in use before: 79.2 MB.
System memory in use after: 79.4 MB.

Unloading 11 unused Assets to reduce memory usage. Loaded Objects now: 1867.
Total: 3.778700 ms (FindLiveObjects: 0.143100 ms CreateObjectMapping: 0.054100 ms MarkObjects: 3.555900 ms  DeleteObjects: 0.024300 ms)

AssetImportParameters requested are different than current active one (requested -> active):
  custom:framework-win-MediaFoundation: 216162199b28c13a410421893ffa2e32 -> 
  custom:video-decoder-ogg-theora: a1e56fd34408186e4bbccfd4996cb3dc -> 
  custom:container-muxer-webm: aa71ff27fc2769a1b78a27578f13a17b -> 
  custom:container-demuxer-webm: 4f35f7cbe854078d1ac9338744f61a02 -> 
  custom:container-demuxer-ogg: 62fdf1f143b41e24485cea50d1cbac27 -> 
  custom:video-encoder-webm-vp8: eb34c28f22e8b96e1ab97ce403110664 -> 
  custom:video-codec-MediaFoundation-h265: 746d11721c4dcdbdad8f713fa42b33f4 -> 
  custom:video-decoder-webm-vp8: 9c59270c3fd7afecdb556c50c9e8de78 -> 
  custom:audio-decoder-ogg-vorbis: bf7c407c2cedff20999df2af8eb42d56 -> 
  custom:audio-encoder-webm-vorbis: bf7c407c2cedff20999df2af8eb42d56 -> 
========================================================================
Received Import Request.
  Time since last request: 111.637441 seconds.
  path: Assets/Material/Wheel.physicMaterial
  artifactKey: Guid(fff1ee23e39095040b8d85f7431c7c4c) Importer(815301076,1909f56bfc062723c751e8b465ee728b)
Start importing Assets/Material/Wheel.physicMaterial using Guid(fff1ee23e39095040b8d85f7431c7c4c) Importer(815301076,1909f56bfc062723c751e8b465ee728b)  -> (artifact id: '9c8ecbe13ef279be88130acd6667a373') in 0.019111 seconds 
  Import took 0.022820 seconds .

========================================================================
Received Prepare
Registering precompiled user dll's ...
Registered in 0.003961 seconds.
Begin MonoManager ReloadAssembly
Native extension for WindowsStandalone target not found
Refreshing native plugins compatible for Editor in 0.41 ms, found 2 plugins.
Preloading 0 native plugins for Editor in 0.00 ms.
Mono: successfully reloaded assembly
- Completed reload, in  1.362 seconds
Domain Reload Profiling:
	ReloadAssembly (1362ms)
		BeginReloadAssembly (122ms)
			ExecutionOrderSort (0ms)
			DisableScriptedObjects (7ms)
			BackupInstance (0ms)
			ReleaseScriptingObjects (0ms)
			CreateAndSetChildDomain (37ms)
		EndReloadAssembly (1166ms)
			LoadAssemblies (111ms)
			RebuildTransferFunctionScriptingTraits (0ms)
			SetupTypeCache (401ms)
			ReleaseScriptCaches (1ms)
			RebuildScriptCaches (73ms)
			SetupLoadedEditorAssemblies (379ms)
				LogAssemblyErrors (0ms)
				InitializePlatformSupportModulesInManaged (7ms)
				SetLoadedEditorAssemblies (1ms)
				RefreshPlugins (1ms)
				BeforeProcessingInitializeOnLoad (114ms)
				ProcessInitializeOnLoadAttributes (242ms)
				ProcessInitializeOnLoadMethodAttributes (7ms)
				AfterProcessingInitializeOnLoad (7ms)
				EditorAssembliesLoaded (0ms)
			ExecutionOrderSort2 (0ms)
			AwakeInstancesAfterBackupRestoration (8ms)
Platform modules already initialized, skipping
Refreshing native plugins compatible for Editor in 0.36 ms, found 2 plugins.
Preloading 0 native plugins for Editor in 0.00 ms.
Unloading 1397 Unused Serialized files (Serialized files now loaded: 0)
System memory in use before: 79.3 MB.
System memory in use after: 79.4 MB.

Unloading 11 unused Assets to reduce memory usage. Loaded Objects now: 1869.
Total: 3.356000 ms (FindLiveObjects: 0.188500 ms CreateObjectMapping: 0.057700 ms MarkObjects: 3.088100 ms  DeleteObjects: 0.019700 ms)

AssetImportParameters requested are different than current active one (requested -> active):
  custom:framework-win-MediaFoundation: 216162199b28c13a410421893ffa2e32 -> 
  custom:video-decoder-ogg-theora: a1e56fd34408186e4bbccfd4996cb3dc -> 
  custom:container-muxer-webm: aa71ff27fc2769a1b78a27578f13a17b -> 
  custom:container-demuxer-webm: 4f35f7cbe854078d1ac9338744f61a02 -> 
  custom:container-demuxer-ogg: 62fdf1f143b41e24485cea50d1cbac27 -> 
  custom:video-encoder-webm-vp8: eb34c28f22e8b96e1ab97ce403110664 -> 
  custom:video-codec-MediaFoundation-h265: 746d11721c4dcdbdad8f713fa42b33f4 -> 
  custom:video-decoder-webm-vp8: 9c59270c3fd7afecdb556c50c9e8de78 -> 
  custom:audio-decoder-ogg-vorbis: bf7c407c2cedff20999df2af8eb42d56 -> 
  custom:audio-encoder-webm-vorbis: bf7c407c2cedff20999df2af8eb42d56 -> 
========================================================================
Received Prepare
Registering precompiled user dll's ...
Registered in 0.005148 seconds.
Begin MonoManager ReloadAssembly
Native extension for WindowsStandalone target not found
Refreshing native plugins compatible for Editor in 0.57 ms, found 2 plugins.
Preloading 0 native plugins for Editor in 0.00 ms.
Mono: successfully reloaded assembly
- Completed reload, in  1.504 seconds
Domain Reload Profiling:
	ReloadAssembly (1504ms)
		BeginReloadAssembly (133ms)
			ExecutionOrderSort (0ms)
			DisableScriptedObjects (6ms)
			BackupInstance (0ms)
			ReleaseScriptingObjects (0ms)
			CreateAndSetChildDomain (40ms)
		EndReloadAssembly (1294ms)
			LoadAssemblies (98ms)
			RebuildTransferFunctionScriptingTraits (0ms)
			SetupTypeCache (353ms)
			ReleaseScriptCaches (1ms)
			RebuildScriptCaches (70ms)
			SetupLoadedEditorAssemblies (507ms)
				LogAssemblyErrors (0ms)
				InitializePlatformSupportModulesInManaged (10ms)
				SetLoadedEditorAssemblies (1ms)
				RefreshPlugins (1ms)
				BeforeProcessingInitializeOnLoad (163ms)
				ProcessInitializeOnLoadAttributes (314ms)
				ProcessInitializeOnLoadMethodAttributes (7ms)
				AfterProcessingInitializeOnLoad (12ms)
				EditorAssembliesLoaded (1ms)
			ExecutionOrderSort2 (0ms)
			AwakeInstancesAfterBackupRestoration (12ms)
Platform modules already initialized, skipping
Refreshing native plugins compatible for Editor in 0.36 ms, found 2 plugins.
Preloading 0 native plugins for Editor in 0.00 ms.
Unloading 1397 Unused Serialized files (Serialized files now loaded: 0)
System memory in use before: 79.3 MB.
System memory in use after: 79.4 MB.

Unloading 11 unused Assets to reduce memory usage. Loaded Objects now: 1871.
Total: 3.887600 ms (FindLiveObjects: 0.255900 ms CreateObjectMapping: 0.075400 ms MarkObjects: 3.531100 ms  DeleteObjects: 0.023200 ms)

AssetImportParameters requested are different than current active one (requested -> active):
  custom:framework-win-MediaFoundation: 216162199b28c13a410421893ffa2e32 -> 
  custom:video-decoder-ogg-theora: a1e56fd34408186e4bbccfd4996cb3dc -> 
  custom:container-muxer-webm: aa71ff27fc2769a1b78a27578f13a17b -> 
  custom:container-demuxer-webm: 4f35f7cbe854078d1ac9338744f61a02 -> 
  custom:container-demuxer-ogg: 62fdf1f143b41e24485cea50d1cbac27 -> 
  custom:video-encoder-webm-vp8: eb34c28f22e8b96e1ab97ce403110664 -> 
  custom:video-codec-MediaFoundation-h265: 746d11721c4dcdbdad8f713fa42b33f4 -> 
  custom:video-decoder-webm-vp8: 9c59270c3fd7afecdb556c50c9e8de78 -> 
  custom:audio-decoder-ogg-vorbis: bf7c407c2cedff20999df2af8eb42d56 -> 
  custom:audio-encoder-webm-vorbis: bf7c407c2cedff20999df2af8eb42d56 -> 
========================================================================
Received Prepare
Registering precompiled user dll's ...
Registered in 0.004749 seconds.
Begin MonoManager ReloadAssembly
Native extension for WindowsStandalone target not found
Refreshing native plugins compatible for Editor in 0.44 ms, found 2 plugins.
Preloading 0 native plugins for Editor in 0.00 ms.
Mono: successfully reloaded assembly
- Completed reload, in  1.375 seconds
Domain Reload Profiling:
	ReloadAssembly (1376ms)
		BeginReloadAssembly (141ms)
			ExecutionOrderSort (0ms)
			DisableScriptedObjects (6ms)
			BackupInstance (0ms)
			ReleaseScriptingObjects (0ms)
			CreateAndSetChildDomain (42ms)
		EndReloadAssembly (1163ms)
			LoadAssemblies (108ms)
			RebuildTransferFunctionScriptingTraits (0ms)
			SetupTypeCache (365ms)
			ReleaseScriptCaches (2ms)
			RebuildScriptCaches (69ms)
			SetupLoadedEditorAssemblies (449ms)
				LogAssemblyErrors (0ms)
				InitializePlatformSupportModulesInManaged (7ms)
				SetLoadedEditorAssemblies (1ms)
				RefreshPlugins (1ms)
				BeforeProcessingInitializeOnLoad (113ms)
				ProcessInitializeOnLoadAttributes (311ms)
				ProcessInitializeOnLoadMethodAttributes (7ms)
				AfterProcessingInitializeOnLoad (10ms)
				EditorAssembliesLoaded (0ms)
			ExecutionOrderSort2 (0ms)
			AwakeInstancesAfterBackupRestoration (9ms)
Platform modules already initialized, skipping
Refreshing native plugins compatible for Editor in 0.70 ms, found 2 plugins.
Preloading 0 native plugins for Editor in 0.00 ms.
Unloading 1397 Unused Serialized files (Serialized files now loaded: 0)
System memory in use before: 79.3 MB.
System memory in use after: 79.4 MB.

Unloading 11 unused Assets to reduce memory usage. Loaded Objects now: 1873.
Total: 3.988600 ms (FindLiveObjects: 0.204400 ms CreateObjectMapping: 0.092800 ms MarkObjects: 3.656100 ms  DeleteObjects: 0.033100 ms)

AssetImportParameters requested are different than current active one (requested -> active):
  custom:framework-win-MediaFoundation: 216162199b28c13a410421893ffa2e32 -> 
  custom:video-decoder-ogg-theora: a1e56fd34408186e4bbccfd4996cb3dc -> 
  custom:container-muxer-webm: aa71ff27fc2769a1b78a27578f13a17b -> 
  custom:container-demuxer-webm: 4f35f7cbe854078d1ac9338744f61a02 -> 
  custom:container-demuxer-ogg: 62fdf1f143b41e24485cea50d1cbac27 -> 
  custom:video-encoder-webm-vp8: eb34c28f22e8b96e1ab97ce403110664 -> 
  custom:video-codec-MediaFoundation-h265: 746d11721c4dcdbdad8f713fa42b33f4 -> 
  custom:video-decoder-webm-vp8: 9c59270c3fd7afecdb556c50c9e8de78 -> 
  custom:audio-decoder-ogg-vorbis: bf7c407c2cedff20999df2af8eb42d56 -> 
  custom:audio-encoder-webm-vorbis: bf7c407c2cedff20999df2af8eb42d56 -> 
========================================================================
Received Import Request.
  Time since last request: 371.998714 seconds.
  path: Assets/Stylized Nature Environment/Nature/Materials/branch_tex.mat
  artifactKey: Guid(b8e82f7625bc35e45bc5d380532fa087) Importer(815301076,1909f56bfc062723c751e8b465ee728b)
Start importing Assets/Stylized Nature Environment/Nature/Materials/branch_tex.mat using Guid(b8e82f7625bc35e45bc5d380532fa087) Importer(815301076,1909f56bfc062723c751e8b465ee728b)  -> (artifact id: '00cc6a3eb36a61cd4cdb8725f67c623f') in 0.087360 seconds 
  Import took 0.090969 seconds .

========================================================================
Received Import Request.
  Time since last request: 0.000265 seconds.
  path: Assets/Artillery Tank/Materials/Main 1.mat
  artifactKey: Guid(f402b486b819e634ebba5c4cc4f687a2) Importer(815301076,1909f56bfc062723c751e8b465ee728b)
Start importing Assets/Artillery Tank/Materials/Main 1.mat using Guid(f402b486b819e634ebba5c4cc4f687a2) Importer(815301076,1909f56bfc062723c751e8b465ee728b)  -> (artifact id: 'a7de20455aecc8be5aeaa8c2b4466c4a') in 0.065867 seconds 
  Import took 0.068398 seconds .

========================================================================
Received Import Request.
  Time since last request: 0.000273 seconds.
  path: Assets/Artillery Tank/Demo Scene/Digital Blue Camouflage.mat
  artifactKey: Guid(bc4140fcff7de3d40a2cc9efc53c78a7) Importer(815301076,1909f56bfc062723c751e8b465ee728b)
Start importing Assets/Artillery Tank/Demo Scene/Digital Blue Camouflage.mat using Guid(bc4140fcff7de3d40a2cc9efc53c78a7) Importer(815301076,1909f56bfc062723c751e8b465ee728b)  -> (artifact id: 'a4264ab35f607bcfe74d3289b7c5ec72') in 0.049679 seconds 
  Import took 0.052012 seconds .

========================================================================
Received Import Request.
  Time since last request: 0.000160 seconds.
  path: Assets/Artillery Tank/Materials/Main 3.mat
  artifactKey: Guid(72f740ae58d313f439bbe810176af02e) Importer(815301076,1909f56bfc062723c751e8b465ee728b)
Start importing Assets/Artillery Tank/Materials/Main 3.mat using Guid(72f740ae58d313f439bbe810176af02e) Importer(815301076,1909f56bfc062723c751e8b465ee728b)  -> (artifact id: '37f003b1af4fd79632ab900d1e67dc7a') in 0.040188 seconds 
  Import took 0.042879 seconds .

========================================================================
Received Import Request.
  Time since last request: 0.000212 seconds.
  path: Assets/Artillery Tank/Materials/Details.mat
  artifactKey: Guid(e3772342bf6b22642a1d4c3cb35ea6e9) Importer(815301076,1909f56bfc062723c751e8b465ee728b)
Start importing Assets/Artillery Tank/Materials/Details.mat using Guid(e3772342bf6b22642a1d4c3cb35ea6e9) Importer(815301076,1909f56bfc062723c751e8b465ee728b)  -> (artifact id: 'b9435e0f7a0b7cf120d2bca282d94275') in 0.016612 seconds 
  Import took 0.019225 seconds .

========================================================================
Received Import Request.
  Time since last request: 0.000258 seconds.
  path: Assets/Artillery Tank/Materials/Main 2.mat
  artifactKey: Guid(8ef9029b843d3e5449bd2d9a11b17ddc) Importer(815301076,1909f56bfc062723c751e8b465ee728b)
Start importing Assets/Artillery Tank/Materials/Main 2.mat using Guid(8ef9029b843d3e5449bd2d9a11b17ddc) Importer(815301076,1909f56bfc062723c751e8b465ee728b)  -> (artifact id: '3d9c16d8441ec83355c4d7c43cde78b3') in 0.027003 seconds 
  Import took 0.029683 seconds .

========================================================================
Received Import Request.
  Time since last request: 0.000219 seconds.
  path: Assets/Stylized Nature Environment/Nature/Materials/Default.mat
  artifactKey: Guid(2772c74f6361879409221eb29b573be7) Importer(815301076,1909f56bfc062723c751e8b465ee728b)
Start importing Assets/Stylized Nature Environment/Nature/Materials/Default.mat using Guid(2772c74f6361879409221eb29b573be7) Importer(815301076,1909f56bfc062723c751e8b465ee728b)  -> (artifact id: 'ebc279c1091b3128d30862c8f734074d') in 0.015531 seconds 
  Import took 0.018376 seconds .

========================================================================
Received Prepare
Registering precompiled user dll's ...
Registered in 0.004148 seconds.
Begin MonoManager ReloadAssembly
Native extension for WindowsStandalone target not found
Refreshing native plugins compatible for Editor in 0.27 ms, found 2 plugins.
Preloading 0 native plugins for Editor in 0.00 ms.
Mono: successfully reloaded assembly
- Completed reload, in  0.868 seconds
Domain Reload Profiling:
	ReloadAssembly (868ms)
		BeginReloadAssembly (94ms)
			ExecutionOrderSort (0ms)
			DisableScriptedObjects (3ms)
			BackupInstance (0ms)
			ReleaseScriptingObjects (0ms)
			CreateAndSetChildDomain (29ms)
		EndReloadAssembly (718ms)
			LoadAssemblies (75ms)
			RebuildTransferFunctionScriptingTraits (0ms)
			SetupTypeCache (235ms)
			ReleaseScriptCaches (1ms)
			RebuildScriptCaches (34ms)
			SetupLoadedEditorAssemblies (283ms)
				LogAssemblyErrors (0ms)
				InitializePlatformSupportModulesInManaged (4ms)
				SetLoadedEditorAssemblies (0ms)
				RefreshPlugins (0ms)
				BeforeProcessingInitializeOnLoad (64ms)
				ProcessInitializeOnLoadAttributes (202ms)
				ProcessInitializeOnLoadMethodAttributes (5ms)
				AfterProcessingInitializeOnLoad (6ms)
				EditorAssembliesLoaded (0ms)
			ExecutionOrderSort2 (0ms)
			AwakeInstancesAfterBackupRestoration (7ms)
Platform modules already initialized, skipping
Refreshing native plugins compatible for Editor in 0.27 ms, found 2 plugins.
Preloading 0 native plugins for Editor in 0.00 ms.
Unloading 1397 Unused Serialized files (Serialized files now loaded: 0)
System memory in use before: 79.5 MB.
System memory in use after: 79.6 MB.

Unloading 11 unused Assets to reduce memory usage. Loaded Objects now: 1909.
Total: 2.587600 ms (FindLiveObjects: 0.115300 ms CreateObjectMapping: 0.033300 ms MarkObjects: 2.425700 ms  DeleteObjects: 0.012400 ms)

AssetImportParameters requested are different than current active one (requested -> active):
  custom:framework-win-MediaFoundation: 216162199b28c13a410421893ffa2e32 -> 
  custom:video-decoder-ogg-theora: a1e56fd34408186e4bbccfd4996cb3dc -> 
  custom:container-muxer-webm: aa71ff27fc2769a1b78a27578f13a17b -> 
  custom:container-demuxer-webm: 4f35f7cbe854078d1ac9338744f61a02 -> 
  custom:container-demuxer-ogg: 62fdf1f143b41e24485cea50d1cbac27 -> 
  custom:video-encoder-webm-vp8: eb34c28f22e8b96e1ab97ce403110664 -> 
  custom:video-codec-MediaFoundation-h265: 746d11721c4dcdbdad8f713fa42b33f4 -> 
  custom:video-decoder-webm-vp8: 9c59270c3fd7afecdb556c50c9e8de78 -> 
  custom:audio-decoder-ogg-vorbis: bf7c407c2cedff20999df2af8eb42d56 -> 
  custom:audio-encoder-webm-vorbis: bf7c407c2cedff20999df2af8eb42d56 -> 
========================================================================
Received Import Request.
  Time since last request: 138.183516 seconds.
  path: Assets/Resources/Texture
  artifactKey: Guid(06886e18f6313924c8e7003040b4f08b) Importer(815301076,1909f56bfc062723c751e8b465ee728b)
Start importing Assets/Resources/Texture using Guid(06886e18f6313924c8e7003040b4f08b) Importer(815301076,1909f56bfc062723c751e8b465ee728b)  -> (artifact id: 'd743ad2b5f18317cd4da0a3b413ce4ee') in 0.010133 seconds 
  Import took 0.013090 seconds .

========================================================================
Received Import Request.
  Time since last request: 0.841897 seconds.
  path: Assets/_TerrainAutoUpgrade
  artifactKey: Guid(f9c8634e5bff91a45bcc05fc01c9b88d) Importer(815301076,1909f56bfc062723c751e8b465ee728b)
Start importing Assets/_TerrainAutoUpgrade using Guid(f9c8634e5bff91a45bcc05fc01c9b88d) Importer(815301076,1909f56bfc062723c751e8b465ee728b)  -> (artifact id: '4fc9577e0e07d379100f5cec493beb16') in 0.008755 seconds 
  Import took 0.011496 seconds .

========================================================================
Received Import Request.
  Time since last request: 1.463064 seconds.
  path: Assets/Resources/Sound
  artifactKey: Guid(40cef8a29b7df75499fc3c745e539826) Importer(815301076,1909f56bfc062723c751e8b465ee728b)
Start importing Assets/Resources/Sound using Guid(40cef8a29b7df75499fc3c745e539826) Importer(815301076,1909f56bfc062723c751e8b465ee728b)  -> (artifact id: 'ee7b9647795483073bc71441f805b6f1') in 0.013385 seconds 
  Import took 0.016041 seconds .

========================================================================
Received Import Request.
  Time since last request: 13.428513 seconds.
  path: Assets/Resources/Prefabs
  artifactKey: Guid(e8312d0f36d363c468d81b2f33a17e03) Importer(815301076,1909f56bfc062723c751e8b465ee728b)
Start importing Assets/Resources/Prefabs using Guid(e8312d0f36d363c468d81b2f33a17e03) Importer(815301076,1909f56bfc062723c751e8b465ee728b)  -> (artifact id: '5e4a7e351296d391373bea76856de2df') in 0.013658 seconds 
  Import took 0.018726 seconds .

AssetImportWorkerClient::OnTransportError - code=2 error=End of file
